[2021-06-19T13:39:23.351] [DEBUG] cheese - login => username:zs,password:123456
[2021-06-19T13:39:23.355] [DEBUG] cheese - zs
[2021-06-19T13:39:23.363] [DEBUG] cheese - null
[2021-06-19T13:39:23.363] [DEBUG] cheese - null
[2021-06-19T13:39:56.978] [DEBUG] cheese - login => username:admin,password:123456
[2021-06-19T13:39:56.978] [DEBUG] cheese - admin
[2021-06-19T13:39:56.982] [DEBUG] cheese - null
[2021-06-19T13:39:56.982] [DEBUG] cheese - null
[2021-06-20T11:27:07.368] [DEBUG] cheese - login => username:452452452,password:452452452
[2021-06-20T11:27:07.369] [DEBUG] cheese - 452452452
[2021-06-20T11:27:07.710] [DEBUG] cheese - null
[2021-06-20T11:27:07.710] [DEBUG] cheese - null
[2021-06-20T11:27:35.021] [DEBUG] cheese - login => username:24542452,password:5424524
[2021-06-20T11:27:35.021] [DEBUG] cheese - 24542452
[2021-06-20T11:27:35.023] [DEBUG] cheese - null
[2021-06-20T11:27:35.023] [DEBUG] cheese - null
[2021-06-20T11:28:25.703] [DEBUG] cheese - login => username:452452452,password:4524524
[2021-06-20T11:28:25.703] [DEBUG] cheese - 452452452
[2021-06-20T11:28:25.704] [DEBUG] cheese - null
[2021-06-20T11:28:25.704] [DEBUG] cheese - null
[2021-06-20T11:31:56.152] [DEBUG] cheese - login => username:212132132,password:45465465
[2021-06-20T11:31:56.153] [DEBUG] cheese - 212132132
[2021-06-20T11:31:56.154] [DEBUG] cheese - null
[2021-06-20T11:31:56.154] [DEBUG] cheese - null
[2021-06-20T11:32:09.432] [DEBUG] cheese - login => username:212132132,password:45465465
[2021-06-20T11:32:09.432] [DEBUG] cheese - 212132132
[2021-06-20T11:32:09.434] [DEBUG] cheese - null
[2021-06-20T11:32:09.435] [DEBUG] cheese - null
[2021-06-20T11:32:09.877] [DEBUG] cheese - login => username:212132132,password:45465465
[2021-06-20T11:32:09.877] [DEBUG] cheese - 212132132
[2021-06-20T11:32:09.878] [DEBUG] cheese - null
[2021-06-20T11:32:09.878] [DEBUG] cheese - null
[2021-06-20T11:32:10.286] [DEBUG] cheese - login => username:212132132,password:45465465
[2021-06-20T11:32:10.286] [DEBUG] cheese - 212132132
[2021-06-20T11:32:10.287] [DEBUG] cheese - null
[2021-06-20T11:32:10.287] [DEBUG] cheese - null
[2021-06-20T11:32:36.660] [DEBUG] cheese - login => username:212132132,password:45465465
[2021-06-20T11:32:36.660] [DEBUG] cheese - 212132132
[2021-06-20T11:32:36.662] [DEBUG] cheese - null
[2021-06-20T11:32:36.662] [DEBUG] cheese - null
[2021-06-20T11:32:37.233] [DEBUG] cheese - login => username:212132132,password:45465465
[2021-06-20T11:32:37.233] [DEBUG] cheese - 212132132
[2021-06-20T11:32:37.234] [DEBUG] cheese - null
[2021-06-20T11:32:37.234] [DEBUG] cheese - null
[2021-06-20T11:33:06.308] [DEBUG] cheese - login => username:啊实打实大师,password:asdasd
[2021-06-20T11:33:06.308] [DEBUG] cheese - 啊实打实大师
[2021-06-20T11:33:06.310] [DEBUG] cheese - null
[2021-06-20T11:33:06.310] [DEBUG] cheese - null
[2021-06-20T11:33:07.298] [DEBUG] cheese - login => username:啊实打实大师,password:asdasd
[2021-06-20T11:33:07.298] [DEBUG] cheese - 啊实打实大师
[2021-06-20T11:33:07.300] [DEBUG] cheese - null
[2021-06-20T11:33:07.300] [DEBUG] cheese - null
[2021-06-20T11:33:07.891] [DEBUG] cheese - login => username:啊实打实大师,password:asdasd
[2021-06-20T11:33:07.891] [DEBUG] cheese - 啊实打实大师
[2021-06-20T11:33:07.892] [DEBUG] cheese - null
[2021-06-20T11:33:07.892] [DEBUG] cheese - null
[2021-06-20T11:33:22.321] [DEBUG] cheese - login => username:admin,password:123456
[2021-06-20T11:33:22.321] [DEBUG] cheese - admin
[2021-06-20T11:33:22.324] [DEBUG] cheese - null
[2021-06-20T11:33:22.324] [DEBUG] cheese - null
[2021-06-20T11:33:23.401] [DEBUG] cheese - login => username:admin,password:123456
[2021-06-20T11:33:23.402] [DEBUG] cheese - admin
[2021-06-20T11:33:23.403] [DEBUG] cheese - null
[2021-06-20T11:33:23.404] [DEBUG] cheese - null
[2021-06-20T11:33:23.872] [DEBUG] cheese - login => username:admin,password:123456
[2021-06-20T11:33:23.872] [DEBUG] cheese - admin
[2021-06-20T11:33:23.874] [DEBUG] cheese - null
[2021-06-20T11:33:23.874] [DEBUG] cheese - null
[2021-06-20T11:33:24.048] [DEBUG] cheese - login => username:admin,password:123456
[2021-06-20T11:33:24.048] [DEBUG] cheese - admin
[2021-06-20T11:33:24.053] [DEBUG] cheese - null
[2021-06-20T11:33:24.053] [DEBUG] cheese - null
[2021-06-20T11:33:24.240] [DEBUG] cheese - login => username:admin,password:123456
[2021-06-20T11:33:24.240] [DEBUG] cheese - admin
[2021-06-20T11:33:24.241] [DEBUG] cheese - null
[2021-06-20T11:33:24.241] [DEBUG] cheese - null
[2021-06-20T11:33:24.416] [DEBUG] cheese - login => username:admin,password:123456
[2021-06-20T11:33:24.416] [DEBUG] cheese - admin
[2021-06-20T11:33:24.417] [DEBUG] cheese - null
[2021-06-20T11:33:24.417] [DEBUG] cheese - null
[2021-06-20T11:33:24.592] [DEBUG] cheese - login => username:admin,password:123456
[2021-06-20T11:33:24.592] [DEBUG] cheese - admin
[2021-06-20T11:33:24.593] [DEBUG] cheese - null
[2021-06-20T11:33:24.593] [DEBUG] cheese - null
[2021-06-20T12:19:09.081] [DEBUG] cheese - login => username:admin,password:123456
[2021-06-20T12:19:09.081] [DEBUG] cheese - admin
[2021-06-20T12:19:09.083] [DEBUG] cheese - null
[2021-06-20T12:19:09.083] [DEBUG] cheese - null
[2021-06-20T12:19:11.196] [DEBUG] cheese - login => username:admin,password:123456
[2021-06-20T12:19:11.196] [DEBUG] cheese - admin
[2021-06-20T12:19:11.198] [DEBUG] cheese - null
[2021-06-20T12:19:11.198] [DEBUG] cheese - null
[2021-06-20T12:19:11.390] [DEBUG] cheese - login => username:admin,password:123456
[2021-06-20T12:19:11.390] [DEBUG] cheese - admin
[2021-06-20T12:19:11.391] [DEBUG] cheese - null
[2021-06-20T12:19:11.391] [DEBUG] cheese - null
[2021-06-20T12:19:14.354] [DEBUG] cheese - login => username:admin,password:1234565
[2021-06-20T12:19:14.354] [DEBUG] cheese - admin
[2021-06-20T12:19:14.356] [DEBUG] cheese - null
[2021-06-20T12:19:14.356] [DEBUG] cheese - null
[2021-06-20T12:19:15.706] [DEBUG] cheese - login => username:admin,password:1234565
[2021-06-20T12:19:15.706] [DEBUG] cheese - admin
[2021-06-20T12:19:15.708] [DEBUG] cheese - null
[2021-06-20T12:19:15.708] [DEBUG] cheese - null
[2021-06-20T12:40:43.554] [DEBUG] cheese - login => username:奥术大师大,password:asdaasdas
[2021-06-20T12:40:43.555] [DEBUG] cheese - 奥术大师大
[2021-06-20T12:40:43.557] [DEBUG] cheese - null
[2021-06-20T12:40:43.557] [DEBUG] cheese - null
[2021-06-20T12:40:43.989] [DEBUG] cheese - login => username:奥术大师大,password:asdaasdas
[2021-06-20T12:40:43.989] [DEBUG] cheese - 奥术大师大
[2021-06-20T12:40:43.990] [DEBUG] cheese - null
[2021-06-20T12:40:43.990] [DEBUG] cheese - null
[2021-06-20T12:40:44.202] [DEBUG] cheese - login => username:奥术大师大,password:asdaasdas
[2021-06-20T12:40:44.202] [DEBUG] cheese - 奥术大师大
[2021-06-20T12:40:44.203] [DEBUG] cheese - null
[2021-06-20T12:40:44.203] [DEBUG] cheese - null
[2021-06-20T12:44:02.709] [DEBUG] cheese - login => username:奥术大师大,password:asdasdasd
[2021-06-20T12:44:02.710] [DEBUG] cheese - 奥术大师大
[2021-06-20T12:44:02.711] [DEBUG] cheese - null
[2021-06-20T12:44:02.711] [DEBUG] cheese - null
[2021-06-20T12:44:03.969] [DEBUG] cheese - login => username:奥术大师大,password:asdasdasd
[2021-06-20T12:44:03.969] [DEBUG] cheese - 奥术大师大
[2021-06-20T12:44:03.971] [DEBUG] cheese - null
[2021-06-20T12:44:03.971] [DEBUG] cheese - null
[2021-06-20T12:44:04.585] [DEBUG] cheese - login => username:奥术大师大,password:asdasdasd
[2021-06-20T12:44:04.585] [DEBUG] cheese - 奥术大师大
[2021-06-20T12:44:04.587] [DEBUG] cheese - null
[2021-06-20T12:44:04.587] [DEBUG] cheese - null
[2021-06-20T12:44:04.810] [DEBUG] cheese - login => username:奥术大师大,password:asdasdasd
[2021-06-20T12:44:04.810] [DEBUG] cheese - 奥术大师大
[2021-06-20T12:44:04.811] [DEBUG] cheese - null
[2021-06-20T12:44:04.811] [DEBUG] cheese - null
[2021-06-20T12:44:05.001] [DEBUG] cheese - login => username:奥术大师大,password:asdasdasd
[2021-06-20T12:44:05.001] [DEBUG] cheese - 奥术大师大
[2021-06-20T12:44:05.002] [DEBUG] cheese - null
[2021-06-20T12:44:05.002] [DEBUG] cheese - null
[2021-06-20T12:44:12.837] [DEBUG] cheese - login => username:admin,password:123456
[2021-06-20T12:44:12.838] [DEBUG] cheese - admin
[2021-06-20T12:44:12.839] [DEBUG] cheese - null
[2021-06-20T12:44:12.839] [DEBUG] cheese - null
[2021-06-20T12:46:05.389] [DEBUG] cheese - login => username:啊实打实奥术大师大,password:asdasdasdd
[2021-06-20T12:46:05.389] [DEBUG] cheese - 啊实打实奥术大师大
[2021-06-20T12:46:05.390] [DEBUG] cheese - null
[2021-06-20T12:46:05.390] [DEBUG] cheese - null
[2021-06-20T12:46:10.582] [DEBUG] cheese - login => username:admin,password:123456
[2021-06-20T12:46:10.582] [DEBUG] cheese - admin
[2021-06-20T12:46:10.583] [DEBUG] cheese - null
[2021-06-20T12:46:10.584] [DEBUG] cheese - null
[2021-06-20T12:46:11.499] [DEBUG] cheese - login => username:admin,password:123456
[2021-06-20T12:46:11.499] [DEBUG] cheese - admin
[2021-06-20T12:46:11.501] [DEBUG] cheese - null
[2021-06-20T12:46:11.501] [DEBUG] cheese - null
[2021-06-20T12:57:49.207] [DEBUG] cheese - login => username:啊啊飒飒大ad,password:aadsdasd
[2021-06-20T12:57:49.207] [DEBUG] cheese - 啊啊飒飒大ad
[2021-06-20T12:57:49.208] [DEBUG] cheese - null
[2021-06-20T12:57:49.208] [DEBUG] cheese - null
[2021-06-20T12:57:51.173] [DEBUG] cheese - login => username:啊啊飒飒大ad,password:aadsdasd
[2021-06-20T12:57:51.173] [DEBUG] cheese - 啊啊飒飒大ad
[2021-06-20T12:57:51.174] [DEBUG] cheese - null
[2021-06-20T12:57:51.174] [DEBUG] cheese - null
[2021-06-20T12:57:51.757] [DEBUG] cheese - login => username:啊啊飒飒大ad,password:aadsdasd
[2021-06-20T12:57:51.758] [DEBUG] cheese - 啊啊飒飒大ad
[2021-06-20T12:57:51.759] [DEBUG] cheese - null
[2021-06-20T12:57:51.759] [DEBUG] cheese - null
[2021-06-20T12:57:52.121] [DEBUG] cheese - login => username:啊啊飒飒大ad,password:aadsdasd
[2021-06-20T12:57:52.121] [DEBUG] cheese - 啊啊飒飒大ad
[2021-06-20T12:57:52.122] [DEBUG] cheese - null
[2021-06-20T12:57:52.122] [DEBUG] cheese - null
[2021-06-20T12:57:52.343] [DEBUG] cheese - login => username:啊啊飒飒大ad,password:aadsdasd
[2021-06-20T12:57:52.343] [DEBUG] cheese - 啊啊飒飒大ad
[2021-06-20T12:57:52.344] [DEBUG] cheese - null
[2021-06-20T12:57:52.344] [DEBUG] cheese - null
[2021-06-20T13:01:20.843] [DEBUG] cheese - login => username:admin,password:123456
[2021-06-20T13:01:20.843] [DEBUG] cheese - admin
[2021-06-20T13:01:20.844] [DEBUG] cheese - null
[2021-06-20T13:01:20.845] [DEBUG] cheese - null
[2021-06-20T13:02:39.234] [DEBUG] cheese - login => username:admin,password:123456
[2021-06-20T13:02:39.234] [DEBUG] cheese - admin
[2021-06-20T13:02:39.235] [DEBUG] cheese - null
[2021-06-20T13:02:39.235] [DEBUG] cheese - null
[2021-06-20T13:03:52.855] [DEBUG] cheese - login => username:admin,password:123456
[2021-06-20T13:03:52.855] [DEBUG] cheese - admin
[2021-06-20T13:03:52.857] [DEBUG] cheese - null
[2021-06-20T13:03:52.857] [DEBUG] cheese - null
[2021-06-20T13:07:43.824] [DEBUG] cheese - login => username:admin,password:123456
[2021-06-20T13:07:43.825] [DEBUG] cheese - admin
[2021-06-20T13:07:43.827] [DEBUG] cheese - null
[2021-06-20T13:07:43.827] [DEBUG] cheese - null
[2021-06-20T13:07:44.734] [DEBUG] cheese - login => username:admin,password:123456
[2021-06-20T13:07:44.734] [DEBUG] cheese - admin
[2021-06-20T13:07:44.736] [DEBUG] cheese - null
[2021-06-20T13:07:44.736] [DEBUG] cheese - null
[2021-06-20T13:14:45.475] [DEBUG] cheese - login => username:admin,password:123456
[2021-06-20T13:14:45.475] [DEBUG] cheese - admin
[2021-06-20T13:14:45.477] [DEBUG] cheese - null
[2021-06-20T13:14:45.478] [DEBUG] cheese - null
[2021-06-20T13:16:40.293] [DEBUG] cheese - login => username:admin,password:123456
[2021-06-20T13:16:40.293] [DEBUG] cheese - admin
[2021-06-20T13:16:40.294] [DEBUG] cheese - null
[2021-06-20T13:16:40.294] [DEBUG] cheese - null
[2021-06-20T13:19:21.212] [DEBUG] cheese - login => username:admin,password:123456
[2021-06-20T13:19:21.212] [DEBUG] cheese - admin
[2021-06-20T13:19:21.214] [DEBUG] cheese - null
[2021-06-20T13:19:21.215] [DEBUG] cheese - null
[2021-06-20T13:19:37.874] [DEBUG] cheese - login => username:admin,password:123456
[2021-06-20T13:19:37.874] [DEBUG] cheese - admin
[2021-06-20T13:19:37.875] [DEBUG] cheese - null
[2021-06-20T13:19:37.875] [DEBUG] cheese - null
[2021-06-20T13:33:52.758] [DEBUG] cheese - login => username:admin,password:123456
[2021-06-20T13:33:52.758] [DEBUG] cheese - admin
[2021-06-20T13:33:52.760] [DEBUG] cheese - null
[2021-06-20T13:33:52.760] [DEBUG] cheese - null
[2021-06-20T13:40:27.527] [DEBUG] cheese - login => username:admin,password:123456
[2021-06-20T13:40:27.527] [DEBUG] cheese - admin
[2021-06-20T13:40:27.530] [DEBUG] cheese - null
[2021-06-20T13:40:27.530] [DEBUG] cheese - null
[2021-06-20T13:58:13.613] [DEBUG] cheese - login => username:admin,password:123456
[2021-06-20T13:58:13.613] [DEBUG] cheese - admin
[2021-06-20T13:58:13.616] [DEBUG] cheese - null
[2021-06-20T13:58:13.616] [DEBUG] cheese - null
[2021-06-20T13:58:50.460] [DEBUG] cheese - login => username:admin,password:123456
[2021-06-20T13:58:50.460] [DEBUG] cheese - admin
[2021-06-20T13:58:50.462] [DEBUG] cheese - null
[2021-06-20T13:58:50.462] [DEBUG] cheese - null
[2021-06-20T14:43:52.967] [DEBUG] cheese - login => username:admin,password:123456
[2021-06-20T14:43:52.967] [DEBUG] cheese - admin
[2021-06-20T14:43:52.970] [DEBUG] cheese - null
[2021-06-20T14:43:52.970] [DEBUG] cheese - null
[2021-06-20T14:45:14.282] [DEBUG] cheese - login => username:admin,password:123456
[2021-06-20T14:45:14.282] [DEBUG] cheese - admin
[2021-06-20T14:45:14.284] [DEBUG] cheese - null
[2021-06-20T14:45:14.284] [DEBUG] cheese - null
[2021-06-20T14:45:35.166] [DEBUG] cheese - login => username:admin,password:123456
[2021-06-20T14:45:35.166] [DEBUG] cheese - admin
[2021-06-20T14:45:35.169] [DEBUG] cheese - null
[2021-06-20T14:45:35.169] [DEBUG] cheese - null
[2021-06-20T14:51:09.805] [DEBUG] cheese - login => username:admin,password:123456
[2021-06-20T14:51:09.805] [DEBUG] cheese - admin
[2021-06-20T14:51:09.808] [DEBUG] cheese - null
[2021-06-20T14:51:09.808] [DEBUG] cheese - null
[2021-06-20T14:51:39.004] [DEBUG] cheese - login => username:admin,password:123456
[2021-06-20T14:51:39.004] [DEBUG] cheese - admin
[2021-06-20T14:51:39.006] [DEBUG] cheese - null
[2021-06-20T14:51:39.006] [DEBUG] cheese - null
[2021-06-20T14:51:40.470] [DEBUG] cheese - login => username:admin,password:123456
[2021-06-20T14:51:40.470] [DEBUG] cheese - admin
[2021-06-20T14:51:40.472] [DEBUG] cheese - null
[2021-06-20T14:51:40.472] [DEBUG] cheese - null
[2021-06-20T14:51:40.968] [DEBUG] cheese - login => username:admin,password:123456
[2021-06-20T14:51:40.968] [DEBUG] cheese - admin
[2021-06-20T14:51:40.971] [DEBUG] cheese - null
[2021-06-20T14:51:40.971] [DEBUG] cheese - null
[2021-06-20T14:51:43.414] [DEBUG] cheese - login => username:admin,password:123456
[2021-06-20T14:51:43.414] [DEBUG] cheese - admin
[2021-06-20T14:51:43.416] [DEBUG] cheese - null
[2021-06-20T14:51:43.416] [DEBUG] cheese - null
[2021-06-20T14:52:12.041] [DEBUG] cheese - login => username:admin,password:123456
[2021-06-20T14:52:12.041] [DEBUG] cheese - admin
[2021-06-20T14:52:12.042] [DEBUG] cheese - null
[2021-06-20T14:52:12.042] [DEBUG] cheese - null
[2021-06-20T14:56:19.983] [DEBUG] cheese - login => username:admin,password:123456
[2021-06-20T14:56:19.983] [DEBUG] cheese - admin
[2021-06-20T14:56:19.985] [DEBUG] cheese - null
[2021-06-20T14:56:19.985] [DEBUG] cheese - null
[2021-06-20T17:45:24.939] [DEBUG] cheese - login => username:admin,password:123456
[2021-06-20T17:45:24.940] [DEBUG] cheese - admin
[2021-06-20T17:45:24.943] [DEBUG] cheese - null
[2021-06-20T17:45:24.943] [DEBUG] cheese - null
[2021-06-20T18:51:05.330] [DEBUG] cheese - login => username:admin,password:123456
[2021-06-20T18:51:05.330] [DEBUG] cheese - admin
[2021-06-20T18:51:05.332] [DEBUG] cheese - null
[2021-06-20T18:51:05.332] [DEBUG] cheese - null
[2021-06-20T20:18:11.148] [DEBUG] cheese - login => username:admin,password:123456
[2021-06-20T20:18:11.149] [DEBUG] cheese - admin
[2021-06-20T20:18:11.150] [DEBUG] cheese - login => username:admin,password:123456
[2021-06-20T20:18:11.150] [DEBUG] cheese - admin
[2021-06-20T20:18:11.151] [DEBUG] cheese - login => username:admin,password:123456
[2021-06-20T20:18:11.151] [DEBUG] cheese - admin
[2021-06-20T20:18:11.153] [DEBUG] cheese - null
[2021-06-20T20:18:11.153] [DEBUG] cheese - null
[2021-06-20T20:18:11.222] [DEBUG] cheese - null
[2021-06-20T20:18:11.222] [DEBUG] cheese - null
[2021-06-20T20:18:11.299] [DEBUG] cheese - null
[2021-06-20T20:18:11.299] [DEBUG] cheese - null
[2021-06-20T20:33:03.117] [DEBUG] cheese - login => username:admin,password:123456
[2021-06-20T20:33:03.119] [DEBUG] cheese - admin
[2021-06-20T20:33:03.220] [DEBUG] cheese - null
[2021-06-20T20:33:03.221] [DEBUG] cheese - null
[2021-06-20T20:36:37.770] [DEBUG] cheese - login => username:admin,password:123456
[2021-06-20T20:36:37.770] [DEBUG] cheese - admin
[2021-06-20T20:36:37.773] [DEBUG] cheese - null
[2021-06-20T20:36:37.773] [DEBUG] cheese - null
[2021-06-20T20:36:50.154] [DEBUG] cheese - login => username:admin,password:123456
[2021-06-20T20:36:50.154] [DEBUG] cheese - admin
[2021-06-20T20:36:50.156] [DEBUG] cheese - null
[2021-06-20T20:36:50.156] [DEBUG] cheese - null
[2021-06-21T10:25:42.610] [DEBUG] cheese - login => username:admin,password:123456
[2021-06-21T10:25:42.612] [DEBUG] cheese - admin
[2021-06-21T10:25:42.626] [DEBUG] cheese - null
[2021-06-21T10:25:42.626] [DEBUG] cheese - null
[2021-06-21T12:28:34.728] [DEBUG] cheese - login => username:admin,password:123456
[2021-06-21T12:28:34.728] [DEBUG] cheese - admin
[2021-06-21T12:28:34.730] [DEBUG] cheese - null
[2021-06-21T12:28:34.730] [DEBUG] cheese - null
[2021-06-21T13:36:33.557] [DEBUG] cheese - login => username:admin,password:123456
[2021-06-21T13:36:33.557] [DEBUG] cheese - admin
[2021-06-21T13:36:33.558] [DEBUG] cheese - null
[2021-06-21T13:36:33.558] [DEBUG] cheese - null
[2021-06-21T13:36:35.948] [DEBUG] cheese - login => username:admin,password:123456
[2021-06-21T13:36:35.948] [DEBUG] cheese - admin
[2021-06-21T13:36:35.949] [DEBUG] cheese - null
[2021-06-21T13:36:35.950] [DEBUG] cheese - null
[2021-06-21T14:16:19.487] [DEBUG] cheese - login => username:admin,password:123456
[2021-06-21T14:16:19.488] [DEBUG] cheese - admin
[2021-06-21T14:16:19.490] [DEBUG] cheese - null
[2021-06-21T14:16:19.490] [DEBUG] cheese - null
[2021-06-21T14:36:59.595] [DEBUG] cheese - login => username:admin,password:123456
[2021-06-21T14:36:59.595] [DEBUG] cheese - admin
[2021-06-21T14:36:59.597] [DEBUG] cheese - null
[2021-06-21T14:36:59.597] [DEBUG] cheese - null
[2021-06-21T18:04:51.138] [DEBUG] cheese - login => username:admin,password:123456
[2021-06-21T18:04:51.139] [DEBUG] cheese - admin
[2021-06-21T18:04:51.140] [DEBUG] cheese - null
[2021-06-21T18:04:51.141] [DEBUG] cheese - null
[2021-06-22T10:42:34.632] [DEBUG] cheese - login => username:admin,password:123456
[2021-06-22T10:42:34.633] [DEBUG] cheese - admin
[2021-06-22T10:42:34.680] [DEBUG] cheese - null
[2021-06-22T10:42:34.680] [DEBUG] cheese - null
[2021-06-23T14:49:24.708] [DEBUG] cheese - login => username:admin,password:123456
[2021-06-23T14:49:24.710] [DEBUG] cheese - admin
[2021-06-23T14:49:24.805] [DEBUG] cheese - null
[2021-06-23T14:49:24.806] [DEBUG] cheese - null
[2021-06-24T11:15:57.559] [DEBUG] cheese - login => username:admin,password:123456
[2021-06-24T11:15:57.560] [DEBUG] cheese - admin
[2021-06-24T11:15:57.625] [DEBUG] cheese - null
[2021-06-24T11:15:57.625] [DEBUG] cheese - null
[2021-06-25T16:15:47.744] [DEBUG] cheese - login => username:admin,password:123456
[2021-06-25T16:15:47.746] [DEBUG] cheese - admin
[2021-06-25T16:15:47.824] [DEBUG] cheese - null
[2021-06-25T16:15:47.825] [DEBUG] cheese - null
[2021-06-26T16:13:50.344] [DEBUG] cheese - login => username:admin,password:123456
[2021-06-26T16:13:50.347] [DEBUG] cheese - admin
[2021-06-26T16:13:50.432] [DEBUG] cheese - null
[2021-06-26T16:13:50.432] [DEBUG] cheese - null
[2021-06-26T16:48:58.405] [DEBUG] cheese - login => username:admin,password:123456
[2021-06-26T16:48:58.406] [DEBUG] cheese - admin
[2021-06-26T16:48:58.409] [DEBUG] cheese - null
[2021-06-26T16:48:58.409] [DEBUG] cheese - null
[2021-06-29T19:15:07.545] [DEBUG] cheese - login => username:admin,password:123456
[2021-06-29T19:15:07.548] [DEBUG] cheese - admin
[2021-06-29T19:15:07.563] [DEBUG] cheese - null
[2021-06-29T19:15:07.563] [DEBUG] cheese - null
[2021-07-03T10:59:50.660] [DEBUG] cheese - login => username:admin,password:123456
[2021-07-03T10:59:50.661] [DEBUG] cheese - admin
[2021-07-03T10:59:50.822] [DEBUG] cheese - null
[2021-07-03T10:59:50.823] [DEBUG] cheese - null
[2021-07-03T12:42:50.707] [DEBUG] cheese - login => username:admin,password:123456
[2021-07-03T12:42:50.708] [DEBUG] cheese - admin
[2021-07-03T12:42:50.711] [DEBUG] cheese - null
[2021-07-03T12:42:50.711] [DEBUG] cheese - null
[2021-07-03T12:43:16.818] [DEBUG] cheese - login => username:admin,password:123456
[2021-07-03T12:43:16.818] [DEBUG] cheese - admin
[2021-07-03T12:43:16.820] [DEBUG] cheese - null
[2021-07-03T12:43:16.820] [DEBUG] cheese - null
[2021-07-03T19:00:15.224] [DEBUG] cheese - login => username:admin,password:123456
[2021-07-03T19:00:15.225] [DEBUG] cheese - admin
[2021-07-03T19:00:15.228] [DEBUG] cheese - null
[2021-07-03T19:00:15.229] [DEBUG] cheese - null
[2021-07-03T19:21:54.693] [DEBUG] cheese - null
[2021-07-04T11:24:01.048] [DEBUG] cheese - login => username:admin,password:123456
[2021-07-04T11:24:01.049] [DEBUG] cheese - admin
[2021-07-04T11:24:01.294] [DEBUG] cheese - null
[2021-07-04T11:24:01.295] [DEBUG] cheese - null
[2021-07-04T11:48:31.879] [DEBUG] cheese - login => username:admin,password:123456
[2021-07-04T11:48:31.879] [DEBUG] cheese - admin
[2021-07-04T11:48:31.881] [DEBUG] cheese - null
[2021-07-04T11:48:31.881] [DEBUG] cheese - null
[2021-07-04T15:17:53.906] [DEBUG] cheese - login => username:admin,password:123456
[2021-07-04T15:17:53.908] [DEBUG] cheese - admin
[2021-07-04T15:17:53.910] [DEBUG] cheese - null
[2021-07-04T15:17:53.911] [DEBUG] cheese - null
[2021-07-04T15:18:12.423] [DEBUG] cheese - login => username:admin,password:123456
[2021-07-04T15:18:12.424] [DEBUG] cheese - admin
[2021-07-04T15:18:12.425] [DEBUG] cheese - null
[2021-07-04T15:18:12.425] [DEBUG] cheese - null
[2021-07-04T15:18:16.810] [DEBUG] cheese - login => username:admin,password:123456
[2021-07-04T15:18:16.810] [DEBUG] cheese - admin
[2021-07-04T15:18:16.812] [DEBUG] cheese - null
[2021-07-04T15:18:16.812] [DEBUG] cheese - null
[2021-07-04T16:10:12.276] [DEBUG] cheese - login => username:admin,password:123456
[2021-07-04T16:10:12.277] [DEBUG] cheese - admin
[2021-07-04T16:10:12.278] [DEBUG] cheese - null
[2021-07-04T16:10:12.278] [DEBUG] cheese - null
[2021-07-04T16:15:47.186] [DEBUG] cheese - login => username:admin,password:123456
[2021-07-04T16:15:47.186] [DEBUG] cheese - admin
[2021-07-04T16:15:47.187] [DEBUG] cheese - null
[2021-07-04T16:15:47.188] [DEBUG] cheese - null
[2021-07-04T16:16:48.736] [DEBUG] cheese - login => username:admin,password:123456
[2021-07-04T16:16:48.737] [DEBUG] cheese - admin
[2021-07-04T16:16:48.739] [DEBUG] cheese - null
[2021-07-04T16:16:48.739] [DEBUG] cheese - null
[2021-07-04T16:18:48.317] [DEBUG] cheese - login => username:admin,password:123456
[2021-07-04T16:18:48.317] [DEBUG] cheese - admin
[2021-07-04T16:18:48.319] [DEBUG] cheese - null
[2021-07-04T16:18:48.319] [DEBUG] cheese - null
[2021-07-04T16:21:53.551] [DEBUG] cheese - login => username:admin,password:123456
[2021-07-04T16:21:53.551] [DEBUG] cheese - admin
[2021-07-04T16:21:53.553] [DEBUG] cheese - null
[2021-07-04T16:21:53.553] [DEBUG] cheese - null
[2021-07-04T16:27:49.622] [DEBUG] cheese - login => username:admin,password:123456
[2021-07-04T16:27:49.622] [DEBUG] cheese - admin
[2021-07-04T16:27:49.625] [DEBUG] cheese - null
[2021-07-04T16:27:49.625] [DEBUG] cheese - null
